kotlin version: 1.9.0
error message: org.jetbrains.kotlin.backend.common.BackendException: Backend Internal error: Exception during psi2ir
File being compiled: (232,13) in /home/daytona/codebase/aternosorg24-7-1/app/src/main/java/dev/sora/protohax/ui/components/PHaxApp.kt
The root cause java.lang.NullPointerException was thrown at: org.jetbrains.kotlin.psi2ir.generators.OperatorExpressionGenerator.generateBinaryOperatorAsCall(OperatorExpressionGenerator.kt:535)
null: KtBinaryExpression:
scaleIn(initialScale = 0.95f) + fadeIn()
	at org.jetbrains.kotlin.backend.common.CodegenUtil.reportBackendException(CodegenUtil.kt:253)
	at org.jetbrains.kotlin.backend.common.CodegenUtil.reportBackendException$default(CodegenUtil.kt:237)
	at org.jetbrains.kotlin.psi2ir.generators.DeclarationGenerator.generateMemberDeclaration(DeclarationGenerator.kt:75)
	at org.jetbrains.kotlin.psi2ir.generators.ModuleGenerator.generateSingleFile(ModuleGenerator.kt:73)
	at org.jetbrains.kotlin.psi2ir.generators.ModuleGenerator.generateModuleFragment(ModuleGenerator.kt:53)
	at org.jetbrains.kotlin.psi2ir.Psi2IrTranslator.generateModuleFragment(Psi2IrTranslator.kt:97)
	at org.jetbrains.kotlin.backend.jvm.JvmIrCodegenFactory.convertToIr(JvmIrCodegenFactory.kt:255)
	at org.jetbrains.kotlin.backend.jvm.JvmIrCodegenFactory.convertToIr(JvmIrCodegenFactory.kt:59)
	at org.jetbrains.kotlin.cli.jvm.compiler.KotlinToJVMBytecodeCompiler.convertToIr(KotlinToJVMBytecodeCompiler.kt:224)
	at org.jetbrains.kotlin.cli.jvm.compiler.KotlinToJVMBytecodeCompiler.compileModules$cli(KotlinToJVMBytecodeCompiler.kt:101)
	at org.jetbrains.kotlin.cli.jvm.compiler.KotlinToJVMBytecodeCompiler.compileModules$cli$default(KotlinToJVMBytecodeCompiler.kt:47)
	at org.jetbrains.kotlin.cli.jvm.K2JVMCompiler.doExecute(K2JVMCompiler.kt:168)
	at org.jetbrains.kotlin.cli.jvm.K2JVMCompiler.doExecute(K2JVMCompiler.kt:53)
	at org.jetbrains.kotlin.cli.common.CLICompiler.execImpl(CLICompiler.kt:100)
	at org.jetbrains.kotlin.cli.common.CLICompiler.execImpl(CLICompiler.kt:46)
	at org.jetbrains.kotlin.cli.common.CLITool.exec(CLITool.kt:101)
	at org.jetbrains.kotlin.incremental.IncrementalJvmCompilerRunner.runCompiler(IncrementalJvmCompilerRunner.kt:460)
	at org.jetbrains.kotlin.incremental.IncrementalJvmCompilerRunner.runCompiler(IncrementalJvmCompilerRunner.kt:62)
	at org.jetbrains.kotlin.incremental.IncrementalCompilerRunner.doCompile(IncrementalCompilerRunner.kt:476)
	at org.jetbrains.kotlin.incremental.IncrementalCompilerRunner.compileImpl(IncrementalCompilerRunner.kt:399)
	at org.jetbrains.kotlin.incremental.IncrementalCompilerRunner.compileNonIncrementally(IncrementalCompilerRunner.kt:280)
	at org.jetbrains.kotlin.incremental.IncrementalCompilerRunner.compile(IncrementalCompilerRunner.kt:124)
	at org.jetbrains.kotlin.daemon.CompileServiceImplBase.execIncrementalCompiler(CompileServiceImpl.kt:636)
	at org.jetbrains.kotlin.daemon.CompileServiceImplBase.access$execIncrementalCompiler(CompileServiceImpl.kt:101)
	at org.jetbrains.kotlin.daemon.CompileServiceImpl.compile(CompileServiceImpl.kt:1598)
	at java.base/jdk.internal.reflect.NativeMethodAccessorImpl.invoke0(Native Method)
	at java.base/jdk.internal.reflect.NativeMethodAccessorImpl.invoke(NativeMethodAccessorImpl.java:77)
	at java.base/jdk.internal.reflect.DelegatingMethodAccessorImpl.invoke(DelegatingMethodAccessorImpl.java:43)
	at java.base/java.lang.reflect.Method.invoke(Method.java:569)
	at java.rmi/sun.rmi.server.UnicastServerRef.dispatch(UnicastServerRef.java:360)
	at java.rmi/sun.rmi.transport.Transport$1.run(Transport.java:200)
	at java.rmi/sun.rmi.transport.Transport$1.run(Transport.java:197)
	at java.base/java.security.AccessController.doPrivileged(AccessController.java:712)
	at java.rmi/sun.rmi.transport.Transport.serviceCall(Transport.java:196)
	at java.rmi/sun.rmi.transport.tcp.TCPTransport.handleMessages(TCPTransport.java:587)
	at java.rmi/sun.rmi.transport.tcp.TCPTransport$ConnectionHandler.run0(TCPTransport.java:828)
	at java.rmi/sun.rmi.transport.tcp.TCPTransport$ConnectionHandler.lambda$run$0(TCPTransport.java:705)
	at java.base/java.security.AccessController.doPrivileged(AccessController.java:399)
	at java.rmi/sun.rmi.transport.tcp.TCPTransport$ConnectionHandler.run(TCPTransport.java:704)
	at java.base/java.util.concurrent.ThreadPoolExecutor.runWorker(ThreadPoolExecutor.java:1136)
	at java.base/java.util.concurrent.ThreadPoolExecutor$Worker.run(ThreadPoolExecutor.java:635)
	at java.base/java.lang.Thread.run(Thread.java:840)
Caused by: java.lang.NullPointerException
	at org.jetbrains.kotlin.psi2ir.generators.OperatorExpressionGenerator.generateBinaryOperatorAsCall(OperatorExpressionGenerator.kt:535)
	at org.jetbrains.kotlin.psi2ir.generators.OperatorExpressionGenerator.generateBinaryExpression(OperatorExpressionGenerator.kt:137)
	at org.jetbrains.kotlin.psi2ir.generators.StatementGenerator.visitBinaryExpression(StatementGenerator.kt:492)
	at org.jetbrains.kotlin.psi2ir.generators.StatementGenerator.visitBinaryExpression(StatementGenerator.kt:54)
	at org.jetbrains.kotlin.psi.KtBinaryExpression.accept(KtBinaryExpression.java:35)
	at org.jetbrains.kotlin.psi2ir.generators.StatementGenerator.generateStatement(StatementGenerator.kt:70)
	at org.jetbrains.kotlin.psi2ir.generators.BodyGenerator.generateLambdaBody(BodyGenerator.kt:120)
	at org.jetbrains.kotlin.psi2ir.generators.FunctionGenerator.generateLambdaFunctionDeclaration(FunctionGenerator.kt:66)
	at org.jetbrains.kotlin.psi2ir.generators.LocalFunctionGenerator.generateLambda(LocalFunctionGenerator.kt:40)
	at org.jetbrains.kotlin.psi2ir.generators.StatementGenerator.visitLambdaExpression(StatementGenerator.kt:531)
	at org.jetbrains.kotlin.psi2ir.generators.StatementGenerator.visitLambdaExpression(StatementGenerator.kt:54)
	at org.jetbrains.kotlin.psi.KtLambdaExpression.accept(KtLambdaExpression.java:40)
	at org.jetbrains.kotlin.psi2ir.generators.StatementGenerator.generateStatement(StatementGenerator.kt:70)
	at org.jetbrains.kotlin.psi2ir.generators.StatementGenerator.generateExpression(StatementGenerator.kt:83)
	at org.jetbrains.kotlin.psi2ir.generators.ArgumentsGenerationUtilsKt$pregenerateCall$1.invoke(ArgumentsGenerationUtils.kt:508)
	at org.jetbrains.kotlin.psi2ir.generators.ArgumentsGenerationUtilsKt$pregenerateCall$1.invoke(ArgumentsGenerationUtils.kt:508)
	at org.jetbrains.kotlin.psi2ir.generators.ArgumentsGenerationUtilsKt.generateValueArgumentUsing(ArgumentsGenerationUtils.kt:371)
	at org.jetbrains.kotlin.psi2ir.generators.ArgumentsGenerationUtilsKt.pregenerateValueArgumentsUsing(ArgumentsGenerationUtils.kt:755)
	at org.jetbrains.kotlin.psi2ir.generators.ArgumentsGenerationUtilsKt.pregenerateCallUsing(ArgumentsGenerationUtils.kt:518)
	at org.jetbrains.kotlin.psi2ir.generators.ArgumentsGenerationUtilsKt.pregenerateCall(ArgumentsGenerationUtils.kt:508)
	at org.jetbrains.kotlin.psi2ir.generators.StatementGenerator.visitCallExpression(StatementGenerator.kt:409)
	at org.jetbrains.kotlin.psi2ir.generators.StatementGenerator.visitCallExpression(StatementGenerator.kt:54)
	at org.jetbrains.kotlin.psi.KtCallExpression.accept(KtCallExpression.java:35)
	at org.jetbrains.kotlin.psi2ir.generators.StatementGenerator.generateStatement(StatementGenerator.kt:70)
	at org.jetbrains.kotlin.psi2ir.generators.StatementGenerator.generateStatements(StatementGenerator.kt:80)
	at org.jetbrains.kotlin.psi2ir.generators.BodyGenerator.generateFunctionBody(BodyGenerator.kt:78)
	at org.jetbrains.kotlin.psi2ir.generators.FunctionGenerator.generateFunctionDeclaration(FunctionGenerator.kt:53)
	at org.jetbrains.kotlin.psi2ir.generators.FunctionGenerator.generateFunctionDeclaration$default(FunctionGenerator.kt:40)
	at org.jetbrains.kotlin.psi2ir.generators.DeclarationGenerator.generateMemberDeclaration(DeclarationGenerator.kt:49)
	... 39 more


